2021-09-20 23:25:55,417:INFO:Initializing load_model()
2021-09-20 23:25:55,417:INFO:load_model(model_name=kc_model-091321, platform=None, authentication=None, verbose=True)
2021-09-20 23:26:12,617:INFO:Initializing load_model()
2021-09-20 23:26:12,617:INFO:load_model(model_name=kc_model-091321, platform=None, authentication=None, verbose=True)
2021-09-20 23:26:24,972:INFO:Initializing load_model()
2021-09-20 23:26:24,972:INFO:load_model(model_name=kc_model-091321, platform=None, authentication=None, verbose=True)
2021-09-20 23:26:29,873:INFO:Initializing load_model()
2021-09-20 23:26:29,873:INFO:load_model(model_name=kc_model-091321, platform=None, authentication=None, verbose=True)
2021-09-20 23:26:29,964:INFO:Initializing predict_model()
2021-09-20 23:26:29,965:INFO:predict_model(estimator=Pipeline(steps=[('dtypes',
                 DataTypes_Auto_infer(ml_usecase='regression', target='price')),
                ('imputer',
                 Simple_Imputer(categorical_strategy='most frequent',
                                fill_value_categorical=None,
                                fill_value_numerical=None,
                                numeric_strategy='mean',
                                target_variable=None)),
                ('new_levels1',
                 New_Catagorical_Levels_in_TestData(replacement_strategy='least '
                                                                         'frequent',
                                                    target='pr...
                 Outlier(contamination=0.1, methods=['pca'], random_state=1,
                         target='price')),
                ('cluster_all', 'passthrough'),
                ('dummy', Dummify(target='price')),
                ('fix_perfect', Remove_100(target='price')),
                ('clean_names', Clean_Colum_Names()),
                ('feature_select', 'passthrough'), ('fix_multi', 'passthrough'),
                ('dfs', 'passthrough'), ('pca', 'passthrough'),
                ['trained_model', LGBMRegressor(random_state=1)]]), probability_threshold=None, encoded_labels=True, raw_score=False, round=4, verbose=True, ml_usecase=MLUsecase.REGRESSION, display=None)
2021-09-20 23:26:29,966:INFO:Checking exceptions
2021-09-20 23:26:29,966:INFO:Preloading libraries
2021-09-20 23:26:35,508:INFO:Initializing load_model()
2021-09-20 23:26:35,508:INFO:load_model(model_name=kc_model-091321, platform=None, authentication=None, verbose=True)
